<?xml version="1.0" encoding="UTF-8"?>
<!-- Generated by org.testng.reporters.JUnitXMLReporter -->
<testsuite ignored="17" hostname="PE-HO-275" failures="1" tests="1" name="Default test" time="0.351" errors="0" timestamp="2022-08-17T13:14:15 COT">
  <testcase classname="com.demoautomatizacion.test.ExpedirTest" name="CargueValidacion" time="0.0">
    <failure type="org.testng.TestNGException" message="
Cannot inject @Test annotated Method [CargueValidacion] with [class java.lang.String, class java.lang.String].
For more information on native dependency injection please refer to https://testng.org/doc/documentation-main.html#native-dependency-injection">
      <![CDATA[org.testng.TestNGException: 
Cannot inject @Test annotated Method [CargueValidacion] with [class java.lang.String, class java.lang.String].
For more information on native dependency injection please refer to https://testng.org/doc/documentation-main.html#native-dependency-injection
at org.testng.internal.Parameters.checkParameterTypes(Parameters.java:439)
at org.testng.internal.Parameters.createParametersForMethod(Parameters.java:353)
at org.testng.internal.Parameters.createParameters(Parameters.java:708)
at org.testng.internal.Parameters.handleParameters(Parameters.java:884)
at org.testng.internal.Parameters.handleParameters(Parameters.java:740)
at org.testng.internal.ParameterHandler.handleParameters(ParameterHandler.java:59)
at org.testng.internal.ParameterHandler.createParameters(ParameterHandler.java:38)
at org.testng.internal.TestInvoker$MethodInvocationAgent.invoke(TestInvoker.java:791)
at org.testng.internal.TestInvoker.invokeTestMethods(TestInvoker.java:146)
at org.testng.internal.TestMethodWorker.invokeTestMethods(TestMethodWorker.java:146)
at org.testng.internal.TestMethodWorker.run(TestMethodWorker.java:128)
at java.base/java.util.ArrayList.forEach(ArrayList.java:1511)
at org.testng.TestRunner.privateRun(TestRunner.java:794)
at org.testng.TestRunner.run(TestRunner.java:596)
at org.testng.SuiteRunner.runTest(SuiteRunner.java:377)
at org.testng.SuiteRunner.runSequentially(SuiteRunner.java:371)
at org.testng.SuiteRunner.privateRun(SuiteRunner.java:332)
at org.testng.SuiteRunner.run(SuiteRunner.java:276)
at org.testng.SuiteRunnerWorker.runSuite(SuiteRunnerWorker.java:53)
at org.testng.SuiteRunnerWorker.run(SuiteRunnerWorker.java:96)
at org.testng.TestNG.runSuitesSequentially(TestNG.java:1212)
at org.testng.TestNG.runSuitesLocally(TestNG.java:1134)
at org.testng.TestNG.runSuites(TestNG.java:1063)
at org.testng.TestNG.run(TestNG.java:1031)
at org.testng.remote.AbstractRemoteTestNG.run(AbstractRemoteTestNG.java:115)
at org.testng.remote.RemoteTestNG.initAndRun(RemoteTestNG.java:251)
at org.testng.remote.RemoteTestNG.main(RemoteTestNG.java:77)
]]>
    </failure>
  </testcase> <!-- CargueValidacion -->
  <testcase classname="com.demoautomatizacion.test.ExpedirTest" name="LpnDtlnum1" time="0.0">
    <ignored/>
  </testcase> <!-- LpnDtlnum1 -->
  <testcase classname="com.demoautomatizacion.test.ExpedirTest" name="verExpedir" time="0.0">
    <ignored/>
  </testcase> <!-- verExpedir -->
  <testcase classname="com.demoautomatizacion.test.ExpedirTest" name="ValidacionModificacionusuarioadmin" time="0.0">
    <ignored/>
  </testcase> <!-- ValidacionModificacionusuarioadmin -->
  <testcase classname="com.demoautomatizacion.test.ExpedirTest" name="CargueBodega" time="0.0">
    <ignored/>
  </testcase> <!-- CargueBodega -->
  <testcase classname="com.demoautomatizacion.test.ExpedirTest" name="modificarExpedir" time="0.0">
    <ignored/>
  </testcase> <!-- modificarExpedir -->
  <testcase classname="com.demoautomatizacion.test.ExpedirTest" name="ValidacionModificacionProrroga" time="0.0">
    <ignored/>
  </testcase> <!-- ValidacionModificacionProrroga -->
  <testcase classname="com.demoautomatizacion.test.ExpedirTest" name="ValidacionTituloLiberado" time="0.0">
    <ignored/>
  </testcase> <!-- ValidacionTituloLiberado -->
  <testcase classname="com.demoautomatizacion.test.ExpedirTest" name="RunCP05" time="0.0">
    <ignored/>
  </testcase> <!-- RunCP05 -->
  <testcase classname="com.demoautomatizacion.test.ExpedirTest" name="busquedaExpedir" time="0.0">
    <ignored/>
  </testcase> <!-- busquedaExpedir -->
  <testcase classname="com.demoautomatizacion.test.ExpedirTest" name="ValidacionHistorticoLiberacion" time="0.0">
    <ignored/>
  </testcase> <!-- ValidacionHistorticoLiberacion -->
  <testcase classname="com.demoautomatizacion.test.ExpedirTest" name="ValidacionMercanciaLiberada" time="0.0">
    <ignored/>
  </testcase> <!-- ValidacionMercanciaLiberada -->
  <testcase classname="com.demoautomatizacion.test.ExpedirTest" name="Reversiondetitulos" time="0.0">
    <ignored/>
  </testcase> <!-- Reversiondetitulos -->
  <testcase classname="com.demoautomatizacion.test.ExpedirTest" name="crearExpedir" time="0.0">
    <ignored/>
  </testcase> <!-- crearExpedir -->
  <testcase classname="com.demoautomatizacion.test.ExpedirTest" name="ValidacionHU25" time="0.0">
    <ignored/>
  </testcase> <!-- ValidacionHU25 -->
  <testcase classname="com.demoautomatizacion.test.ExpedirTest" name="ValidacionLiberado" time="0.0">
    <ignored/>
  </testcase> <!-- ValidacionLiberado -->
  <testcase classname="com.demoautomatizacion.test.ExpedirTest" name="ValidacionCancelado" time="0.0">
    <ignored/>
  </testcase> <!-- ValidacionCancelado -->
  <testcase classname="com.demoautomatizacion.test.ExpedirTest" name="RunCP08" time="0.0">
    <ignored/>
  </testcase> <!-- RunCP08 -->
</testsuite> <!-- Default test -->
